<?xml version="1.0" encoding="UTF-8"?>
<!-- Generated by org.testng.reporters.JUnitReportReporter -->
<testsuite skipped="0" hostname="JAFAR" name="testcase.TC001Amazon" tests="1" failures="0" timestamp="2019-12-14T16:38:46 IST" time="35.594" errors="0">
  <testcase name="runTCamazon" time="35.594" classname="testcase.TC001Amazon"/>
</testsuite> <!-- testcase.TC001Amazon -->
